Build started 4/18/2015 12:46:53 PM.
     1>Project "c:\Users\Jason\documents\visual studio 2010\Projects\Nuclear_Dice\Nuclear_Dice\Nuclear_Dice.vcxproj" on node 2 (build target(s)).
     1>InitializeBuildStatus:
         Creating "Debug\Nuclear_Dice.unsuccessfulbuild" because "AlwaysCreate" was specified.
       ClCompile:
         c:\Program Files (x86)\Microsoft Visual Studio 10.0\VC\bin\CL.exe /c /ZI /nologo /W3 /WX- /Od /Oy- /D _MBCS /Gm /EHsc /RTC1 /MDd /GS /fp:precise /Zc:wchar_t /Zc:forScope /Fo"Debug\\" /Fd"Debug\vc100.pdb" /Gd /TP /analyze- /errorReport:prompt GFXManager.cpp main.cpp
         main.cpp
         GFXManager.cpp
         Generating Code...
       Link:
         c:\Program Files (x86)\Microsoft Visual Studio 10.0\VC\bin\link.exe /ERRORREPORT:PROMPT /OUT:"c:\users\jason\documents\visual studio 2010\Projects\Nuclear_Dice\Debug\Nuclear_Dice.exe" /NOLOGO SDL2.lib SDL2main.lib SDL2_image.lib kernel32.lib user32.lib gdi32.lib winspool.lib comdlg32.lib advapi32.lib shell32.lib ole32.lib oleaut32.lib uuid.lib odbc32.lib odbccp32.lib /MANIFEST /ManifestFile:"Debug\Nuclear_Dice.exe.intermediate.manifest" /MANIFESTUAC:"level='asInvoker' uiAccess='false'" /DEBUG /PDB:"c:\users\jason\documents\visual studio 2010\Projects\Nuclear_Dice\Debug\Nuclear_Dice.pdb" /SUBSYSTEM:CONSOLE /TLBID:1 /DYNAMICBASE /NXCOMPAT /IMPLIB:"c:\users\jason\documents\visual studio 2010\Projects\Nuclear_Dice\Debug\Nuclear_Dice.lib" /MACHINE:X86 Debug\GFXManager.obj
         Debug\main.obj
         LINK : c:\users\jason\documents\visual studio 2010\Projects\Nuclear_Dice\Debug\Nuclear_Dice.exe not found or not built by the last incremental link; performing full link
     1>MSVCRTD.lib(cinitexe.obj) : warning LNK4098: defaultlib 'msvcrt.lib' conflicts with use of other libs; use /NODEFAULTLIB:library
         Nuclear_Dice.vcxproj -> c:\users\jason\documents\visual studio 2010\Projects\Nuclear_Dice\Debug\Nuclear_Dice.exe
       Manifest:
         C:\Program Files (x86)\Microsoft SDKs\Windows\v7.0A\bin\mt.exe /nologo /verbose /outputresource:"c:\users\jason\documents\visual studio 2010\Projects\Nuclear_Dice\Debug\Nuclear_Dice.exe;#1" /manifest Debug\Nuclear_Dice.exe.intermediate.manifest
       FinalizeBuildStatus:
         Deleting file "Debug\Nuclear_Dice.unsuccessfulbuild".
         Touching "Debug\Nuclear_Dice.lastbuildstate".
     1>Done Building Project "c:\Users\Jason\documents\visual studio 2010\Projects\Nuclear_Dice\Nuclear_Dice\Nuclear_Dice.vcxproj" (build target(s)).

Build succeeded.

Time Elapsed 00:00:02.43
